 command line:
   ./cse_2327_tb5_isim_beh.exe
     -intstyle  ise
     -ipchost  localhost
     -ipcport  1054

Thu Feb 06 17:31:47 2020

Total Line Count : 27

 Elaboration time : 0.0156 sec.

 Estimate current memory usage : 136.151 Meg. 

 Total Signals          : 4
 Total Nets             : 2
 Total Signal Drivers   : 2
 Total Blocks           : 7
 Total Primitive Blocks : 1
 Total Processes        : 2
 Total Traceable Variables  : 0
 Total Scalar Nets and Variables : 2
ntrace select -o on -m / -l this 
ntrace start 
run 1000 ns 
Simulator is doing circuit initialization process.
Finished circuit initialization process.

 Simulation time 0.0312 sec.

 Estimate current memory usage : 144.54 Meg. 

Thu Feb 06 17:34:16 2020

